<?xml version="1.0" encoding="UTF-8"?>
<testng-results skipped="0" failed="0" ignored="0" total="2" passed="2">
  <reporter-output>
  </reporter-output>
  <suite name="Default suite" duration-ms="141" started-at="2023-03-04T15:03:01Z" finished-at="2023-03-04T15:03:01Z">
    <groups>
    </groups>
    <test name="Default test" duration-ms="141" started-at="2023-03-04T15:03:01Z" finished-at="2023-03-04T15:03:01Z">
      <class name="com.jbk.DemoTest2">
        <test-method status="PASS" signature="test01()[pri:0, instance:com.jbk.DemoTest2@5ea434c8]" name="test01" duration-ms="2" started-at="2023-03-04T15:03:01Z" finished-at="2023-03-04T15:03:01Z">
          <reporter-output>
          </reporter-output>
        </test-method> <!-- test01 -->
      </class> <!-- com.jbk.DemoTest2 -->
      <class name="com.tests.DemoTest">
        <test-method status="PASS" signature="test01()[pri:0, instance:com.tests.DemoTest@5d47c63f]" name="test01" duration-ms="34" started-at="2023-03-04T15:03:01Z" finished-at="2023-03-04T15:03:01Z">
          <reporter-output>
          </reporter-output>
        </test-method> <!-- test01 -->
      </class> <!-- com.tests.DemoTest -->
    </test> <!-- Default test -->
  </suite> <!-- Default suite -->
</testng-results>
